0 info it worked if it ends with ok
1 verbose cli [ '/home/franc/miniconda3/envs/jupyter-lab/bin/node',
1 verbose cli   '/home/franc/miniconda3/envs/jupyter-lab/bin/npm',
1 verbose cli   'run',
1 verbose cli   'build:prod' ]
2 info using npm@3.10.10
3 info using node@v6.13.1
4 verbose run-script [ 'prebuild:prod', 'build:prod', 'postbuild:prod' ]
5 info lifecycle svelte-widget@0.1.0~prebuild:prod: svelte-widget@0.1.0
6 silly lifecycle svelte-widget@0.1.0~prebuild:prod: no script for prebuild:prod, continuing
7 info lifecycle svelte-widget@0.1.0~build:prod: svelte-widget@0.1.0
8 verbose lifecycle svelte-widget@0.1.0~build:prod: unsafe-perm in lifecycle true
9 verbose lifecycle svelte-widget@0.1.0~build:prod: PATH: /home/franc/miniconda3/envs/jupyter-lab/lib/node_modules/npm/bin/node-gyp-bin:/home/franc/DevProjects/custom-jupyterlab/src/widgets/svelte-widget/node_modules/.bin:/tmp/pip-build-env-fnx6q_f8/overlay/bin:/tmp/pip-build-env-fnx6q_f8/normal/bin:/home/franc/miniconda3/envs/jupyter-lab/bin:/home/franc/miniconda3/condabin:/home/franc/.nvm/versions/node/v16.14.0/bin:/usr/local/sbin:/usr/local/bin:/usr/sbin:/usr/bin:/sbin:/bin:/usr/games:/usr/local/games:/usr/lib/wsl/lib:/mnt/c/Program Files (x86)/Common Files/Intel/Shared Libraries/redist/intel64/compiler:/mnt/c/Windows/system32:/mnt/c/Windows:/mnt/c/Windows/System32/Wbem:/mnt/c/Windows/System32/WindowsPowerShell/v1.0:/mnt/c/Windows/System32/OpenSSH:/mnt/c/Program Files/dotnet:/mnt/c/Program Files/Docker/Docker/resources/bin:/mnt/c/ProgramData/DockerDesktop/version-bin:/mnt/c/Users/franc/AppData/Local/Microsoft/WindowsApps:/mnt/c/Users/franc/AppData/Local/Programs/Microsoft VS Code/bin:/snap/bin
10 verbose lifecycle svelte-widget@0.1.0~build:prod: CWD: /home/franc/DevProjects/custom-jupyterlab/src/widgets/svelte-widget
11 silly lifecycle svelte-widget@0.1.0~build:prod: Args: [ '-c',
11 silly lifecycle   'webpack --mode=production && jupyter labextension build .' ]
12 silly lifecycle svelte-widget@0.1.0~build:prod: Returned: code: 1  signal: null
13 info lifecycle svelte-widget@0.1.0~build:prod: Failed to exec build:prod script
14 verbose stack Error: svelte-widget@0.1.0 build:prod: `webpack --mode=production && jupyter labextension build .`
14 verbose stack Exit status 1
14 verbose stack     at EventEmitter.<anonymous> (/home/franc/miniconda3/envs/jupyter-lab/lib/node_modules/npm/lib/utils/lifecycle.js:255:16)
14 verbose stack     at emitTwo (events.js:106:13)
14 verbose stack     at EventEmitter.emit (events.js:191:7)
14 verbose stack     at ChildProcess.<anonymous> (/home/franc/miniconda3/envs/jupyter-lab/lib/node_modules/npm/lib/utils/spawn.js:40:14)
14 verbose stack     at emitTwo (events.js:106:13)
14 verbose stack     at ChildProcess.emit (events.js:191:7)
14 verbose stack     at maybeClose (internal/child_process.js:920:16)
14 verbose stack     at Process.ChildProcess._handle.onexit (internal/child_process.js:230:5)
15 verbose pkgid svelte-widget@0.1.0
16 verbose cwd /home/franc/DevProjects/custom-jupyterlab/src/widgets/svelte-widget
17 error Linux 5.10.16.3-microsoft-standard-WSL2
18 error argv "/home/franc/miniconda3/envs/jupyter-lab/bin/node" "/home/franc/miniconda3/envs/jupyter-lab/bin/npm" "run" "build:prod"
19 error node v6.13.1
20 error npm  v3.10.10
21 error code ELIFECYCLE
22 error svelte-widget@0.1.0 build:prod: `webpack --mode=production && jupyter labextension build .`
22 error Exit status 1
23 error Failed at the svelte-widget@0.1.0 build:prod script 'webpack --mode=production && jupyter labextension build .'.
23 error Make sure you have the latest version of node.js and npm installed.
23 error If you do, this is most likely a problem with the svelte-widget package,
23 error not with npm itself.
23 error Tell the author that this fails on your system:
23 error     webpack --mode=production && jupyter labextension build .
23 error You can get information on how to open an issue for this project with:
23 error     npm bugs svelte-widget
23 error Or if that isn't available, you can get their info via:
23 error     npm owner ls svelte-widget
23 error There is likely additional logging output above.
24 verbose exit [ 1, true ]
